<?xml version="1.0" encoding="UTF-8"?>
<checkstyle version="5.3">
<file name="E:\Testweb\src\com\hex\HelloWorld.java">
<error line="0" severity="error" message="File does not end with a newline." source="com.puppycrawl.tools.checkstyle.checks.NewlineAtEndOfFileCheck"/>
<error line="0" severity="error" message="Missing package-info.java file." source="com.puppycrawl.tools.checkstyle.checks.javadoc.JavadocPackageCheck"/>
<error line="3" severity="error" message="Missing a Javadoc comment." source="com.puppycrawl.tools.checkstyle.checks.javadoc.JavadocTypeCheck"/>
<error line="4" column="5" severity="error" message="Missing a Javadoc comment." source="com.puppycrawl.tools.checkstyle.checks.javadoc.JavadocVariableCheck"/>
<error line="5" severity="error" message="member def modifier at indentation level 3 not at correct indentation, 4" source="com.puppycrawl.tools.checkstyle.checks.indentation.IndentationCheck"/>
<error line="5" column="4" severity="error" message="Missing a Javadoc comment." source="com.puppycrawl.tools.checkstyle.checks.javadoc.JavadocVariableCheck"/>
<error line="7" severity="error" message="ctor def modifier at indentation level 0 not at correct indentation, 4" source="com.puppycrawl.tools.checkstyle.checks.indentation.IndentationCheck"/>
<error line="7" column="1" severity="error" message="Missing a Javadoc comment." source="com.puppycrawl.tools.checkstyle.checks.javadoc.JavadocMethodCheck"/>
<error line="9" column="5" severity="error" message="Method &apos;execute&apos; is not designed for extension - needs to be abstract, final or empty." source="com.puppycrawl.tools.checkstyle.checks.design.DesignForExtensionCheck"/>
<error line="9" column="5" severity="error" message="Missing a Javadoc comment." source="com.puppycrawl.tools.checkstyle.checks.javadoc.JavadocMethodCheck"/>
<error line="10" severity="error" message="method call child at indentation level 7 not at correct indentation, 8" source="com.puppycrawl.tools.checkstyle.checks.indentation.IndentationCheck"/>
<error line="10" severity="error" message="method def child at indentation level 7 not at correct indentation, 8" source="com.puppycrawl.tools.checkstyle.checks.indentation.IndentationCheck"/>
<error line="11" severity="error" message="method def child at indentation level 6 not at correct indentation, 8" source="com.puppycrawl.tools.checkstyle.checks.indentation.IndentationCheck"/>
<error line="12" severity="error" message="method def rcurly at indentation level 6 not at correct indentation, 4" source="com.puppycrawl.tools.checkstyle.checks.indentation.IndentationCheck"/>
<error line="14" severity="error" message="method def modifier at indentation level 3 not at correct indentation, 4" source="com.puppycrawl.tools.checkstyle.checks.indentation.IndentationCheck"/>
<error line="14" column="4" severity="error" message="Method &apos;getMessage&apos; is not designed for extension - needs to be abstract, final or empty." source="com.puppycrawl.tools.checkstyle.checks.design.DesignForExtensionCheck"/>
<error line="14" column="4" severity="error" message="Missing a Javadoc comment." source="com.puppycrawl.tools.checkstyle.checks.javadoc.JavadocMethodCheck"/>
<error line="15" severity="error" message="method def child at indentation level 6 not at correct indentation, 8" source="com.puppycrawl.tools.checkstyle.checks.indentation.IndentationCheck"/>
<error line="16" severity="error" message="method def rcurly at indentation level 3 not at correct indentation, 4" source="com.puppycrawl.tools.checkstyle.checks.indentation.IndentationCheck"/>
<error line="18" severity="error" message="method def modifier at indentation level 3 not at correct indentation, 4" source="com.puppycrawl.tools.checkstyle.checks.indentation.IndentationCheck"/>
<error line="18" column="4" severity="error" message="Method &apos;setMessage&apos; is not designed for extension - needs to be abstract, final or empty." source="com.puppycrawl.tools.checkstyle.checks.design.DesignForExtensionCheck"/>
<error line="18" column="4" severity="error" message="Missing a Javadoc comment." source="com.puppycrawl.tools.checkstyle.checks.javadoc.JavadocMethodCheck"/>
<error line="18" column="27" severity="error" message="Parameter message should be final." source="com.puppycrawl.tools.checkstyle.checks.FinalParametersCheck"/>
<error line="18" column="34" severity="error" message="&apos;message&apos; hides a field." source="com.puppycrawl.tools.checkstyle.checks.coding.HiddenFieldCheck"/>
<error line="20" severity="error" message="method def rcurly at indentation level 3 not at correct indentation, 4" source="com.puppycrawl.tools.checkstyle.checks.indentation.IndentationCheck"/>
<error line="21" severity="error" message="method def modifier at indentation level 3 not at correct indentation, 4" source="com.puppycrawl.tools.checkstyle.checks.indentation.IndentationCheck"/>
<error line="21" column="4" severity="error" message="Method &apos;getUserName&apos; is not designed for extension - needs to be abstract, final or empty." source="com.puppycrawl.tools.checkstyle.checks.design.DesignForExtensionCheck"/>
<error line="21" column="4" severity="error" message="Missing a Javadoc comment." source="com.puppycrawl.tools.checkstyle.checks.javadoc.JavadocMethodCheck"/>
<error line="22" severity="error" message="method def child at indentation level 6 not at correct indentation, 8" source="com.puppycrawl.tools.checkstyle.checks.indentation.IndentationCheck"/>
<error line="23" severity="error" message="method def rcurly at indentation level 3 not at correct indentation, 4" source="com.puppycrawl.tools.checkstyle.checks.indentation.IndentationCheck"/>
<error line="24" severity="error" message="method def modifier at indentation level 3 not at correct indentation, 4" source="com.puppycrawl.tools.checkstyle.checks.indentation.IndentationCheck"/>
<error line="24" column="4" severity="error" message="Method &apos;setUserName&apos; is not designed for extension - needs to be abstract, final or empty." source="com.puppycrawl.tools.checkstyle.checks.design.DesignForExtensionCheck"/>
<error line="24" column="4" severity="error" message="Missing a Javadoc comment." source="com.puppycrawl.tools.checkstyle.checks.javadoc.JavadocMethodCheck"/>
<error line="24" column="28" severity="error" message="Parameter userName should be final." source="com.puppycrawl.tools.checkstyle.checks.FinalParametersCheck"/>
<error line="24" column="35" severity="error" message="&apos;userName&apos; hides a field." source="com.puppycrawl.tools.checkstyle.checks.coding.HiddenFieldCheck"/>
<error line="26" severity="error" message="method def rcurly at indentation level 3 not at correct indentation, 4" source="com.puppycrawl.tools.checkstyle.checks.indentation.IndentationCheck"/>
</file>
<file name="E:\Testweb\src\com\hex\Main.java">
<error line="1" column="8" severity="error" message="Unused import - java.security.InvalidKeyException." source="com.puppycrawl.tools.checkstyle.checks.imports.UnusedImportsCheck"/>
<error line="2" column="8" severity="error" message="Unused import - java.security.Key." source="com.puppycrawl.tools.checkstyle.checks.imports.UnusedImportsCheck"/>
<error line="4" column="8" severity="error" message="Unused import - javax.crypto.BadPaddingException." source="com.puppycrawl.tools.checkstyle.checks.imports.UnusedImportsCheck"/>
<error line="5" column="8" severity="error" message="Unused import - javax.crypto.Cipher." source="com.puppycrawl.tools.checkstyle.checks.imports.UnusedImportsCheck"/>
<error line="6" column="8" severity="error" message="Unused import - javax.crypto.IllegalBlockSizeException." source="com.puppycrawl.tools.checkstyle.checks.imports.UnusedImportsCheck"/>
<error line="7" column="8" severity="error" message="Unused import - javax.crypto.KeyGenerator." source="com.puppycrawl.tools.checkstyle.checks.imports.UnusedImportsCheck"/>
<error line="11" severity="error" message="Missing a Javadoc comment." source="com.puppycrawl.tools.checkstyle.checks.javadoc.JavadocTypeCheck"/>
<error line="11" column="1" severity="error" message="Utility classes should not have a public or default constructor." source="com.puppycrawl.tools.checkstyle.checks.design.HideUtilityClassConstructorCheck"/>
<error line="12" severity="error" message="method def modifier at indentation level 8 not at correct indentation, 4" source="com.puppycrawl.tools.checkstyle.checks.indentation.IndentationCheck"/>
<error line="12" column="1" severity="error" message="File contains tab characters (this is the first instance)." source="com.puppycrawl.tools.checkstyle.checks.whitespace.FileTabCharacterCheck"/>
<error line="12" column="9" severity="error" message="Missing a Javadoc comment." source="com.puppycrawl.tools.checkstyle.checks.javadoc.JavadocMethodCheck"/>
<error line="12" column="33" severity="error" message="Parameter args should be final." source="com.puppycrawl.tools.checkstyle.checks.FinalParametersCheck"/>
<error line="12" column="44" severity="error" message="Array brackets at illegal position." source="com.puppycrawl.tools.checkstyle.checks.ArrayTypeStyleCheck"/>
<error line="13" severity="error" message="method def lcurly at indentation level 8 not at correct indentation, 4" source="com.puppycrawl.tools.checkstyle.checks.indentation.IndentationCheck"/>
<error line="13" column="9" severity="error" message="&apos;{&apos; should be on the previous line." source="com.puppycrawl.tools.checkstyle.checks.blocks.LeftCurlyCheck"/>
<error line="14" severity="error" message="method def child at indentation level 16 not at correct indentation, 8" source="com.puppycrawl.tools.checkstyle.checks.indentation.IndentationCheck"/>
<error line="15" severity="error" message="method def rcurly at indentation level 8 not at correct indentation, 4" source="com.puppycrawl.tools.checkstyle.checks.indentation.IndentationCheck"/>
</file>
<file name="E:\Testweb\src\com\hex\Sample.java">
<error line="3" severity="error" message="Missing a Javadoc comment." source="com.puppycrawl.tools.checkstyle.checks.javadoc.JavadocTypeCheck"/>
<error line="6" severity="error" message="method def modifier at indentation level 7 not at correct indentation, 4" source="com.puppycrawl.tools.checkstyle.checks.indentation.IndentationCheck"/>
<error line="6" column="8" severity="error" message="Method &apos;greet&apos; is not designed for extension - needs to be abstract, final or empty." source="com.puppycrawl.tools.checkstyle.checks.design.DesignForExtensionCheck"/>
<error line="6" column="8" severity="error" message="Missing a Javadoc comment." source="com.puppycrawl.tools.checkstyle.checks.javadoc.JavadocMethodCheck"/>
<error line="6" column="29" severity="error" message="&apos;{&apos; is not preceded with whitespace." source="com.puppycrawl.tools.checkstyle.checks.whitespace.WhitespaceAroundCheck"/>
<error line="7" severity="error" message="method def child at indentation level 7 not at correct indentation, 8" source="com.puppycrawl.tools.checkstyle.checks.indentation.IndentationCheck"/>
<error line="10" severity="error" message="method def modifier at indentation level 2 not at correct indentation, 4" source="com.puppycrawl.tools.checkstyle.checks.indentation.IndentationCheck"/>
<error line="10" column="3" severity="error" message="Missing a Javadoc comment." source="com.puppycrawl.tools.checkstyle.checks.javadoc.JavadocMethodCheck"/>
<error line="10" column="27" severity="error" message="Parameter args should be final." source="com.puppycrawl.tools.checkstyle.checks.FinalParametersCheck"/>
<error line="10" column="38" severity="error" message="Array brackets at illegal position." source="com.puppycrawl.tools.checkstyle.checks.ArrayTypeStyleCheck"/>
<error line="12" column="1" severity="error" message="File contains tab characters (this is the first instance)." source="com.puppycrawl.tools.checkstyle.checks.whitespace.FileTabCharacterCheck"/>
<error line="13" severity="error" message="method def rcurly at indentation level 2 not at correct indentation, 4" source="com.puppycrawl.tools.checkstyle.checks.indentation.IndentationCheck"/>
</file>
<file name="E:\Testweb\src\com\hex\Test.java">
</file>
<file name="E:\Testweb\src\com\hex\TestSample.java">
<error line="6" severity="error" message="Missing a Javadoc comment." source="com.puppycrawl.tools.checkstyle.checks.javadoc.JavadocTypeCheck"/>
<error line="9" severity="error" message="method def modifier at indentation level 2 not at correct indentation, 4" source="com.puppycrawl.tools.checkstyle.checks.indentation.IndentationCheck"/>
<error line="9" column="3" severity="error" message="Method &apos;testSample&apos; is not designed for extension - needs to be abstract, final or empty." source="com.puppycrawl.tools.checkstyle.checks.design.DesignForExtensionCheck"/>
<error line="9" column="3" severity="error" message="Missing a Javadoc comment." source="com.puppycrawl.tools.checkstyle.checks.javadoc.JavadocMethodCheck"/>
<error line="10" column="1" severity="error" message="File contains tab characters (this is the first instance)." source="com.puppycrawl.tools.checkstyle.checks.whitespace.FileTabCharacterCheck"/>
<error line="11" severity="error" message="method call child at indentation level 4 not at correct indentation, 8" source="com.puppycrawl.tools.checkstyle.checks.indentation.IndentationCheck"/>
<error line="11" severity="error" message="method def child at indentation level 4 not at correct indentation, 8" source="com.puppycrawl.tools.checkstyle.checks.indentation.IndentationCheck"/>
<error line="13" severity="error" message="method def rcurly at indentation level 2 not at correct indentation, 4" source="com.puppycrawl.tools.checkstyle.checks.indentation.IndentationCheck"/>
</file>
<file name="E:\Testweb\src\com\hex\TestServlet.java">
<error line="5" column="8" severity="error" message="Unused import - javax.servlet.RequestDispatcher." source="com.puppycrawl.tools.checkstyle.checks.imports.UnusedImportsCheck"/>
<error line="11" severity="error" message="First sentence should end with a period." source="com.puppycrawl.tools.checkstyle.checks.javadoc.JavadocStyleCheck"/>
<error line="17" severity="error" message="member def modifier at indentation level 8 not at correct indentation, 4" source="com.puppycrawl.tools.checkstyle.checks.indentation.IndentationCheck"/>
<error line="17" column="1" severity="error" message="File contains tab characters (this is the first instance)." source="com.puppycrawl.tools.checkstyle.checks.whitespace.FileTabCharacterCheck"/>
<error line="17" column="9" severity="error" message="Missing a Javadoc comment." source="com.puppycrawl.tools.checkstyle.checks.javadoc.JavadocVariableCheck"/>
<error line="28" severity="error" message="Line is longer than 70 characters." source="com.puppycrawl.tools.checkstyle.checks.sizes.LineLengthCheck"/>
<error line="30" severity="error" message="Line is longer than 70 characters." source="com.puppycrawl.tools.checkstyle.checks.sizes.LineLengthCheck"/>
<error line="30" severity="error" message="method def modifier at indentation level 8 not at correct indentation, 4" source="com.puppycrawl.tools.checkstyle.checks.indentation.IndentationCheck"/>
<error line="30" column="9" severity="error" message="Method &apos;doGet&apos; is not designed for extension - needs to be abstract, final or empty." source="com.puppycrawl.tools.checkstyle.checks.design.DesignForExtensionCheck"/>
<error line="30" column="30" severity="error" message="Parameter request should be final." source="com.puppycrawl.tools.checkstyle.checks.FinalParametersCheck"/>
<error line="30" column="49" severity="error" message="Expected @param tag for &apos;request&apos;." source="com.puppycrawl.tools.checkstyle.checks.javadoc.JavadocMethodCheck"/>
<error line="30" column="58" severity="error" message="Parameter response should be final." source="com.puppycrawl.tools.checkstyle.checks.FinalParametersCheck"/>
<error line="30" column="78" severity="error" message="Expected @param tag for &apos;response&apos;." source="com.puppycrawl.tools.checkstyle.checks.javadoc.JavadocMethodCheck"/>
<error line="30" column="95" severity="error" message="Expected @throws tag for &apos;ServletException&apos;." source="com.puppycrawl.tools.checkstyle.checks.javadoc.JavadocMethodCheck"/>
<error line="30" column="95" severity="error" message="Unable to get class information for ServletException." source="com.puppycrawl.tools.checkstyle.checks.coding.RedundantThrowsCheck"/>
<error line="30" column="113" severity="error" message="Expected @throws tag for &apos;IOException&apos;." source="com.puppycrawl.tools.checkstyle.checks.javadoc.JavadocMethodCheck"/>
<error line="31" severity="error" message="Line is longer than 70 characters." source="com.puppycrawl.tools.checkstyle.checks.sizes.LineLengthCheck"/>
<error line="31" severity="error" message="method def child at indentation level 16 not at correct indentation, 8" source="com.puppycrawl.tools.checkstyle.checks.indentation.IndentationCheck"/>
<error line="32" severity="error" message="method def rcurly at indentation level 8 not at correct indentation, 4" source="com.puppycrawl.tools.checkstyle.checks.indentation.IndentationCheck"/>
<error line="35" severity="error" message="Line is longer than 70 characters." source="com.puppycrawl.tools.checkstyle.checks.sizes.LineLengthCheck"/>
<error line="37" severity="error" message="Line is longer than 70 characters." source="com.puppycrawl.tools.checkstyle.checks.sizes.LineLengthCheck"/>
<error line="37" severity="error" message="method def modifier at indentation level 8 not at correct indentation, 4" source="com.puppycrawl.tools.checkstyle.checks.indentation.IndentationCheck"/>
<error line="37" column="31" severity="error" message="Parameter request should be final." source="com.puppycrawl.tools.checkstyle.checks.FinalParametersCheck"/>
<error line="37" column="50" severity="error" message="Expected @param tag for &apos;request&apos;." source="com.puppycrawl.tools.checkstyle.checks.javadoc.JavadocMethodCheck"/>
<error line="37" column="59" severity="error" message="Parameter response should be final." source="com.puppycrawl.tools.checkstyle.checks.FinalParametersCheck"/>
<error line="37" column="79" severity="error" message="Expected @param tag for &apos;response&apos;." source="com.puppycrawl.tools.checkstyle.checks.javadoc.JavadocMethodCheck"/>
<error line="37" column="96" severity="error" message="Expected @throws tag for &apos;ServletException&apos;." source="com.puppycrawl.tools.checkstyle.checks.javadoc.JavadocMethodCheck"/>
<error line="37" column="96" severity="error" message="Unable to get class information for ServletException." source="com.puppycrawl.tools.checkstyle.checks.coding.RedundantThrowsCheck"/>
<error line="37" column="114" severity="error" message="Expected @throws tag for &apos;IOException&apos;." source="com.puppycrawl.tools.checkstyle.checks.javadoc.JavadocMethodCheck"/>
<error line="39" severity="error" message="method def rcurly at indentation level 8 not at correct indentation, 4" source="com.puppycrawl.tools.checkstyle.checks.indentation.IndentationCheck"/>
</file>
<file name="E:\Testweb\src\com\hex\Thing.java">
<error line="0" severity="error" message="File does not end with a newline." source="com.puppycrawl.tools.checkstyle.checks.NewlineAtEndOfFileCheck"/>
<error line="5" severity="error" message="Missing a Javadoc comment." source="com.puppycrawl.tools.checkstyle.checks.javadoc.JavadocTypeCheck"/>
<error line="6" severity="error" message="member def modifier at indentation level 9 not at correct indentation, 4" source="com.puppycrawl.tools.checkstyle.checks.indentation.IndentationCheck"/>
<error line="6" column="1" severity="error" message="File contains tab characters (this is the first instance)." source="com.puppycrawl.tools.checkstyle.checks.whitespace.FileTabCharacterCheck"/>
<error line="6" column="10" severity="error" message="Missing a Javadoc comment." source="com.puppycrawl.tools.checkstyle.checks.javadoc.JavadocVariableCheck"/>
<error line="7" severity="error" message="ctor def modifier at indentation level 9 not at correct indentation, 4" source="com.puppycrawl.tools.checkstyle.checks.indentation.IndentationCheck"/>
<error line="7" column="10" severity="error" message="Missing a Javadoc comment." source="com.puppycrawl.tools.checkstyle.checks.javadoc.JavadocMethodCheck"/>
<error line="7" column="23" severity="error" message="Parameter startingActions should be final." source="com.puppycrawl.tools.checkstyle.checks.FinalParametersCheck"/>
<error line="9" severity="error" message="ctor def child at indentation level 17 not at correct indentation, 8" source="com.puppycrawl.tools.checkstyle.checks.indentation.IndentationCheck"/>
<error line="10" severity="error" message="Line is longer than 70 characters." source="com.puppycrawl.tools.checkstyle.checks.sizes.LineLengthCheck"/>
<error line="10" severity="error" message="ctor def child at indentation level 19 not at correct indentation, 8" source="com.puppycrawl.tools.checkstyle.checks.indentation.IndentationCheck"/>
<error line="11" severity="error" message="while at indentation level 18 not at correct indentation, 8" source="com.puppycrawl.tools.checkstyle.checks.indentation.IndentationCheck"/>
<error line="12" severity="error" message="class def rcurly at indentation level 59 not at correct indentation, 0" source="com.puppycrawl.tools.checkstyle.checks.indentation.IndentationCheck"/>
<error line="12" severity="error" message="ctor def rcurly at indentation level 56 not at correct indentation, 4" source="com.puppycrawl.tools.checkstyle.checks.indentation.IndentationCheck"/>
<error line="12" severity="error" message="while child at indentation level 17 not at correct indentation, 12" source="com.puppycrawl.tools.checkstyle.checks.indentation.IndentationCheck"/>
<error line="12" severity="error" message="while rcurly at indentation level 53 not at correct indentation, 8" source="com.puppycrawl.tools.checkstyle.checks.indentation.IndentationCheck"/>
</file>
<file name="E:\Testweb\src\com\hex\HelloWorld.java">
</file>
<file name="E:\Testweb\src\com\hex\Main.java">
</file>
<file name="E:\Testweb\src\com\hex\Sample.java">
</file>
<file name="E:\Testweb\src\com\hex\Test.java">
</file>
<file name="E:\Testweb\src\com\hex\TestSample.java">
</file>
<file name="E:\Testweb\src\com\hex\TestServlet.java">
</file>
<file name="E:\Testweb\src\com\hex\Thing.java">
</file>
</checkstyle>
